[debug] [2017-08-21T09:11:31.974Z] ----------------------------------------------------------------------
[debug] [2017-08-21T09:11:31.989Z] Command:       C:\Program Files\nodejs\node.exe C:\Users\dell corei3\AppData\Roaming\npm\node_modules\firebase-tools\bin\firebase serve
[debug] [2017-08-21T09:11:31.989Z] CLI Version:   3.9.2
[debug] [2017-08-21T09:11:31.989Z] Platform:      win32
[debug] [2017-08-21T09:11:31.989Z] Node Version:  v6.10.0
[debug] [2017-08-21T09:11:31.989Z] Time:          Mon Aug 21 2017 16:11:31 GMT+0700 (SE Asia Standard Time)
[debug] [2017-08-21T09:11:31.989Z] ----------------------------------------------------------------------
[debug] 
[debug] [2017-08-21T09:11:32.005Z] > command requires scopes: ["email","openid","https://www.googleapis.com/auth/cloudplatformprojects.readonly","https://www.googleapis.com/auth/firebase","https://www.googleapis.com/auth/cloud-platform"]
[debug] [2017-08-21T09:11:32.005Z] > authorizing via signed-in user
[debug] [2017-08-21T09:11:32.005Z] >>> HTTP REQUEST GET https://admin.firebase.com/v1/projects/storemanagementapp-fc745  
 Mon Aug 21 2017 16:11:32 GMT+0700 (SE Asia Standard Time)
[debug] [2017-08-21T09:11:33.083Z] <<< HTTP RESPONSE 200
[debug] [2017-08-21T09:11:33.083Z] >>> HTTP REQUEST GET https://admin.firebase.com/v1/database/storemanagementapp-fc745/tokens  
 Mon Aug 21 2017 16:11:33 GMT+0700 (SE Asia Standard Time)
[debug] [2017-08-21T09:11:34.396Z] <<< HTTP RESPONSE 200
[info] 
[info] === Serving from 'E:\LT\Android\DoAnTotNghiepDemo\TestDatabase'...
[info] 
[debug] [2017-08-21T09:11:34.396Z] >>> HTTP REQUEST GET https://cloudresourcemanager.googleapis.com/v1/projects/storemanagementapp-fc745  
 Mon Aug 21 2017 16:11:34 GMT+0700 (SE Asia Standard Time)
[debug] [2017-08-21T09:11:35.630Z] <<< HTTP RESPONSE 200
[debug] [2017-08-21T09:11:35.630Z] >>> HTTP REQUEST GET https://mobilesdk-pa.googleapis.com/v1/projects/12863387758/clients/_:getWebAppConfig  
 Mon Aug 21 2017 16:11:35 GMT+0700 (SE Asia Standard Time)
[debug] [2017-08-21T09:11:36.677Z] <<< HTTP RESPONSE 200
[info] i  hosting: Serving hosting files from: public
[info] +  hosting: Local server: http://localhost:5000

[debug] [2017-08-22T14:59:34.259Z] ----------------------------------------------------------------------
[debug] [2017-08-22T14:59:34.263Z] Command:       C:\Program Files\nodejs\node.exe C:\Users\dell corei3\AppData\Roaming\npm\node_modules\firebase-tools\bin\firebase serve
[debug] [2017-08-22T14:59:34.264Z] CLI Version:   3.9.2
[debug] [2017-08-22T14:59:34.264Z] Platform:      win32
[debug] [2017-08-22T14:59:34.264Z] Node Version:  v6.10.0
[debug] [2017-08-22T14:59:34.265Z] Time:          Tue Aug 22 2017 21:59:34 GMT+0700 (SE Asia Standard Time)
[debug] [2017-08-22T14:59:34.265Z] ----------------------------------------------------------------------
[debug] 
[debug] [2017-08-22T14:59:34.386Z] > command requires scopes: ["email","openid","https://www.googleapis.com/auth/cloudplatformprojects.readonly","https://www.googleapis.com/auth/firebase","https://www.googleapis.com/auth/cloud-platform"]
[debug] [2017-08-22T14:59:34.387Z] > authorizing via signed-in user
[debug] [2017-08-22T14:59:34.390Z] > refreshing access token with scopes: ["email","https://www.googleapis.com/auth/cloud-platform","https://www.googleapis.com/auth/cloudplatformprojects.readonly","https://www.googleapis.com/auth/firebase","openid"]
[debug] [2017-08-22T14:59:34.391Z] >>> HTTP REQUEST POST https://www.googleapis.com/oauth2/v3/token { refresh_token: '1/cMgU-ots53IeWMGI1HTicftn67vXQ2t-F5Y78o0nE94Zc40maJVkChnglRjR1zAS',
  client_id: '563584335869-fgrhgmd47bqnekij5i8b5pr03ho849e6.apps.googleusercontent.com',
  client_secret: 'j9iVZfS8kkCEFUPaAeJV0sAi',
  grant_type: 'refresh_token',
  scope: 'email https://www.googleapis.com/auth/cloud-platform https://www.googleapis.com/auth/cloudplatformprojects.readonly https://www.googleapis.com/auth/firebase openid' } 
 Tue Aug 22 2017 21:59:34 GMT+0700 (SE Asia Standard Time)
[debug] [2017-08-22T14:59:34.775Z] <<< HTTP RESPONSE 200
[debug] [2017-08-22T14:59:34.837Z] >>> HTTP REQUEST GET https://admin.firebase.com/v1/projects/storemanagementapp-fc745  
 Tue Aug 22 2017 21:59:34 GMT+0700 (SE Asia Standard Time)
[debug] [2017-08-22T14:59:36.128Z] <<< HTTP RESPONSE 200
[debug] [2017-08-22T14:59:36.131Z] >>> HTTP REQUEST GET https://admin.firebase.com/v1/database/storemanagementapp-fc745/tokens  
 Tue Aug 22 2017 21:59:36 GMT+0700 (SE Asia Standard Time)
[debug] [2017-08-22T14:59:37.196Z] <<< HTTP RESPONSE 200
[info] 
[info] === Serving from 'E:\LT\Android\DoAnTotNghiepDemo\TestDatabase'...
[info] 
[debug] [2017-08-22T14:59:37.208Z] >>> HTTP REQUEST GET https://cloudresourcemanager.googleapis.com/v1/projects/storemanagementapp-fc745  
 Tue Aug 22 2017 21:59:37 GMT+0700 (SE Asia Standard Time)
[debug] [2017-08-22T14:59:38.644Z] <<< HTTP RESPONSE 200
[debug] [2017-08-22T14:59:38.646Z] >>> HTTP REQUEST GET https://mobilesdk-pa.googleapis.com/v1/projects/12863387758/clients/_:getWebAppConfig  
 Tue Aug 22 2017 21:59:38 GMT+0700 (SE Asia Standard Time)
[debug] [2017-08-22T14:59:40.146Z] <<< HTTP RESPONSE 200
[info] i  hosting: Serving hosting files from: public
[info] +  hosting: Local server: http://localhost:5000

[debug] [2017-08-25T03:49:53.575Z] ----------------------------------------------------------------------
[debug] [2017-08-25T03:49:53.579Z] Command:       C:\Program Files\nodejs\node.exe C:\Users\dell corei3\AppData\Roaming\npm\node_modules\firebase-tools\bin\firebase serve
[debug] [2017-08-25T03:49:53.580Z] CLI Version:   3.9.2
[debug] [2017-08-25T03:49:53.580Z] Platform:      win32
[debug] [2017-08-25T03:49:53.580Z] Node Version:  v6.10.0
[debug] [2017-08-25T03:49:53.581Z] Time:          Fri Aug 25 2017 10:49:53 GMT+0700 (SE Asia Standard Time)
[debug] [2017-08-25T03:49:53.581Z] ----------------------------------------------------------------------
[debug] 
[debug] [2017-08-25T03:49:53.682Z] > command requires scopes: ["email","openid","https://www.googleapis.com/auth/cloudplatformprojects.readonly","https://www.googleapis.com/auth/firebase","https://www.googleapis.com/auth/cloud-platform"]
[debug] [2017-08-25T03:49:53.683Z] > authorizing via signed-in user
[debug] [2017-08-25T03:49:53.687Z] > refreshing access token with scopes: ["email","https://www.googleapis.com/auth/cloud-platform","https://www.googleapis.com/auth/cloudplatformprojects.readonly","https://www.googleapis.com/auth/firebase","openid"]
[debug] [2017-08-25T03:49:53.687Z] >>> HTTP REQUEST POST https://www.googleapis.com/oauth2/v3/token { refresh_token: '1/cMgU-ots53IeWMGI1HTicftn67vXQ2t-F5Y78o0nE94Zc40maJVkChnglRjR1zAS',
  client_id: '563584335869-fgrhgmd47bqnekij5i8b5pr03ho849e6.apps.googleusercontent.com',
  client_secret: 'j9iVZfS8kkCEFUPaAeJV0sAi',
  grant_type: 'refresh_token',
  scope: 'email https://www.googleapis.com/auth/cloud-platform https://www.googleapis.com/auth/cloudplatformprojects.readonly https://www.googleapis.com/auth/firebase openid' } 
 Fri Aug 25 2017 10:49:53 GMT+0700 (SE Asia Standard Time)
[debug] [2017-08-25T03:49:56.462Z] <<< HTTP RESPONSE 200
[debug] [2017-08-25T03:49:56.532Z] >>> HTTP REQUEST GET https://admin.firebase.com/v1/projects/storemanagementapp-fc745  
 Fri Aug 25 2017 10:49:56 GMT+0700 (SE Asia Standard Time)
[debug] [2017-08-25T03:50:01.169Z] <<< HTTP RESPONSE 200
[debug] [2017-08-25T03:50:01.172Z] >>> HTTP REQUEST GET https://admin.firebase.com/v1/database/storemanagementapp-fc745/tokens  
 Fri Aug 25 2017 10:50:01 GMT+0700 (SE Asia Standard Time)
[debug] [2017-08-25T03:50:03.396Z] <<< HTTP RESPONSE 200
[info] 
[info] === Serving from 'E:\LT\Android\DoAnTotNghiepDemo\TestDatabase'...
[info] 
[debug] [2017-08-25T03:50:03.409Z] >>> HTTP REQUEST GET https://cloudresourcemanager.googleapis.com/v1/projects/storemanagementapp-fc745  
 Fri Aug 25 2017 10:50:03 GMT+0700 (SE Asia Standard Time)
[debug] [2017-08-25T03:50:05.241Z] <<< HTTP RESPONSE 200
[debug] [2017-08-25T03:50:05.243Z] >>> HTTP REQUEST GET https://mobilesdk-pa.googleapis.com/v1/projects/12863387758/clients/_:getWebAppConfig  
 Fri Aug 25 2017 10:50:05 GMT+0700 (SE Asia Standard Time)
[debug] [2017-08-25T03:50:07.760Z] <<< HTTP RESPONSE 200
[info] i  hosting: Serving hosting files from: public
[info] +  hosting: Local server: http://localhost:5000

[debug] [2017-09-08T08:20:50.763Z] ----------------------------------------------------------------------
[debug] [2017-09-08T08:20:50.763Z] Command:       C:\Program Files\nodejs\node.exe C:\Users\dell corei3\AppData\Roaming\npm\node_modules\firebase-tools\bin\firebase serve
[debug] [2017-09-08T08:20:50.763Z] CLI Version:   3.9.2
[debug] [2017-09-08T08:20:50.763Z] Platform:      win32
[debug] [2017-09-08T08:20:50.763Z] Node Version:  v6.10.0
[debug] [2017-09-08T08:20:50.763Z] Time:          Fri Sep 08 2017 15:20:50 GMT+0700 (SE Asia Standard Time)
[debug] [2017-09-08T08:20:50.763Z] ----------------------------------------------------------------------
[debug] 
[debug] [2017-09-08T08:20:50.982Z] > command requires scopes: ["email","openid","https://www.googleapis.com/auth/cloudplatformprojects.readonly","https://www.googleapis.com/auth/firebase","https://www.googleapis.com/auth/cloud-platform"]
[debug] [2017-09-08T08:20:50.982Z] > authorizing via signed-in user
[debug] [2017-09-08T08:20:50.982Z] > refreshing access token with scopes: ["email","https://www.googleapis.com/auth/cloud-platform","https://www.googleapis.com/auth/cloudplatformprojects.readonly","https://www.googleapis.com/auth/firebase","openid"]
[debug] [2017-09-08T08:20:50.982Z] >>> HTTP REQUEST POST https://www.googleapis.com/oauth2/v3/token { refresh_token: '1/cMgU-ots53IeWMGI1HTicftn67vXQ2t-F5Y78o0nE94Zc40maJVkChnglRjR1zAS',
  client_id: '563584335869-fgrhgmd47bqnekij5i8b5pr03ho849e6.apps.googleusercontent.com',
  client_secret: 'j9iVZfS8kkCEFUPaAeJV0sAi',
  grant_type: 'refresh_token',
  scope: 'email https://www.googleapis.com/auth/cloud-platform https://www.googleapis.com/auth/cloudplatformprojects.readonly https://www.googleapis.com/auth/firebase openid' } 
 Fri Sep 08 2017 15:20:50 GMT+0700 (SE Asia Standard Time)
[debug] [2017-09-08T08:20:51.388Z] <<< HTTP RESPONSE 200
[debug] [2017-09-08T08:20:51.544Z] >>> HTTP REQUEST GET https://admin.firebase.com/v1/projects/storemanagementapp-fc745  
 Fri Sep 08 2017 15:20:51 GMT+0700 (SE Asia Standard Time)
[debug] [2017-09-08T08:20:52.888Z] <<< HTTP RESPONSE 200
[debug] [2017-09-08T08:20:52.904Z] >>> HTTP REQUEST GET https://admin.firebase.com/v1/database/storemanagementapp-fc745/tokens  
 Fri Sep 08 2017 15:20:52 GMT+0700 (SE Asia Standard Time)
[debug] [2017-09-08T08:20:53.810Z] <<< HTTP RESPONSE 200
[info] 
[info] === Serving from 'E:\LT\Android\DoAnTotNghiepDemo\TestDatabase'...
[info] 
[debug] [2017-09-08T08:20:53.810Z] >>> HTTP REQUEST GET https://cloudresourcemanager.googleapis.com/v1/projects/storemanagementapp-fc745  
 Fri Sep 08 2017 15:20:53 GMT+0700 (SE Asia Standard Time)
[debug] [2017-09-08T08:20:55.232Z] <<< HTTP RESPONSE 200
[debug] [2017-09-08T08:20:55.232Z] >>> HTTP REQUEST GET https://mobilesdk-pa.googleapis.com/v1/projects/12863387758/clients/_:getWebAppConfig  
 Fri Sep 08 2017 15:20:55 GMT+0700 (SE Asia Standard Time)
[debug] [2017-09-08T08:20:56.201Z] <<< HTTP RESPONSE 200
[info] i  hosting: Serving hosting files from: public
[info] +  hosting: Local server: http://localhost:5000

[debug] [2017-09-08T13:29:44.510Z] ----------------------------------------------------------------------
[debug] [2017-09-08T13:29:44.510Z] Command:       C:\Program Files\nodejs\node.exe C:\Users\dell corei3\AppData\Roaming\npm\node_modules\firebase-tools\bin\firebase serve
[debug] [2017-09-08T13:29:44.510Z] CLI Version:   3.9.2
[debug] [2017-09-08T13:29:44.510Z] Platform:      win32
[debug] [2017-09-08T13:29:44.510Z] Node Version:  v6.10.0
[debug] [2017-09-08T13:29:44.510Z] Time:          Fri Sep 08 2017 20:29:44 GMT+0700 (SE Asia Standard Time)
[debug] [2017-09-08T13:29:44.510Z] ----------------------------------------------------------------------
[debug] 
[debug] [2017-09-08T13:29:44.650Z] > command requires scopes: ["email","openid","https://www.googleapis.com/auth/cloudplatformprojects.readonly","https://www.googleapis.com/auth/firebase","https://www.googleapis.com/auth/cloud-platform"]
[debug] [2017-09-08T13:29:44.650Z] > authorizing via signed-in user
[debug] [2017-09-08T13:29:44.650Z] > refreshing access token with scopes: ["email","https://www.googleapis.com/auth/cloud-platform","https://www.googleapis.com/auth/cloudplatformprojects.readonly","https://www.googleapis.com/auth/firebase","openid"]
[debug] [2017-09-08T13:29:44.650Z] >>> HTTP REQUEST POST https://www.googleapis.com/oauth2/v3/token { refresh_token: '1/cMgU-ots53IeWMGI1HTicftn67vXQ2t-F5Y78o0nE94Zc40maJVkChnglRjR1zAS',
  client_id: '563584335869-fgrhgmd47bqnekij5i8b5pr03ho849e6.apps.googleusercontent.com',
  client_secret: 'j9iVZfS8kkCEFUPaAeJV0sAi',
  grant_type: 'refresh_token',
  scope: 'email https://www.googleapis.com/auth/cloud-platform https://www.googleapis.com/auth/cloudplatformprojects.readonly https://www.googleapis.com/auth/firebase openid' } 
 Fri Sep 08 2017 20:29:44 GMT+0700 (SE Asia Standard Time)
[debug] [2017-09-08T13:29:45.822Z] <<< HTTP RESPONSE 200
[debug] [2017-09-08T13:29:45.885Z] >>> HTTP REQUEST GET https://admin.firebase.com/v1/projects/storemanagementapp-fc745  
 Fri Sep 08 2017 20:29:45 GMT+0700 (SE Asia Standard Time)
[debug] [2017-09-08T13:43:00.179Z] ----------------------------------------------------------------------
[debug] [2017-09-08T13:43:00.184Z] Command:       C:\Program Files\nodejs\node.exe C:\Users\dell corei3\AppData\Roaming\npm\node_modules\firebase-tools\bin\firebase serve
[debug] [2017-09-08T13:43:00.185Z] CLI Version:   3.10.0
[debug] [2017-09-08T13:43:00.185Z] Platform:      win32
[debug] [2017-09-08T13:43:00.185Z] Node Version:  v6.10.0
[debug] [2017-09-08T13:43:00.186Z] Time:          Fri Sep 08 2017 20:43:00 GMT+0700 (SE Asia Standard Time)
[debug] [2017-09-08T13:43:00.186Z] ----------------------------------------------------------------------
[debug] 
[debug] [2017-09-08T13:43:00.213Z] > command requires scopes: ["email","openid","https://www.googleapis.com/auth/cloudplatformprojects.readonly","https://www.googleapis.com/auth/firebase","https://www.googleapis.com/auth/cloud-platform"]
[debug] [2017-09-08T13:43:00.214Z] > authorizing via signed-in user
[debug] [2017-09-08T13:43:00.219Z] >>> HTTP REQUEST GET https://admin.firebase.com/v1/projects/storemanagementapp-fc745  
 Fri Sep 08 2017 20:43:00 GMT+0700 (SE Asia Standard Time)
[debug] [2017-09-08T13:43:01.549Z] <<< HTTP RESPONSE 200
[debug] [2017-09-08T13:43:01.549Z] >>> HTTP REQUEST GET https://admin.firebase.com/v1/database/storemanagementapp-fc745/tokens  
 Fri Sep 08 2017 20:43:01 GMT+0700 (SE Asia Standard Time)
[debug] [2017-09-08T13:43:02.650Z] <<< HTTP RESPONSE 200
[info] 
[info] === Serving from 'E:\LT\Android\DoAnTotNghiepDemo\TestDatabase'...
[info] 
[debug] [2017-09-08T13:43:02.660Z] >>> HTTP REQUEST GET https://cloudresourcemanager.googleapis.com/v1/projects/storemanagementapp-fc745  
 Fri Sep 08 2017 20:43:02 GMT+0700 (SE Asia Standard Time)
[debug] [2017-09-08T13:43:04.070Z] <<< HTTP RESPONSE 200
[debug] [2017-09-08T13:43:04.070Z] >>> HTTP REQUEST GET https://mobilesdk-pa.googleapis.com/v1/projects/12863387758/clients/_:getWebAppConfig  
 Fri Sep 08 2017 20:43:04 GMT+0700 (SE Asia Standard Time)
[debug] [2017-09-08T13:43:05.385Z] <<< HTTP RESPONSE 200
[info] i  hosting: Serving hosting files from: public
[info] +  hosting: Local server: http://localhost:5000

